2026-03-17 09:07:16 | admin | Inicio de sesión exitoso
2026-03-17 09:15:23 | tecnico1 | Inicio de sesión exitoso
2026-03-17 09:21:23 | admin | Inicio de sesión exitoso
2026-03-17 09:24:46 | admin | Inicio de sesión exitoso
2026-03-17 09:31:16 | admin | Inicio de sesión exitoso
2026-03-17 09:32:43 | admin | Inicio de sesión exitoso
2026-03-17 09:35:26 | admin | Inicio de sesión exitoso
2026-03-17 09:42:39 | admin | Inicio de sesión exitoso
2026-03-17 09:43:16 | admin | Registró nueva IP: 192.168.1.78
2026-03-17 09:44:02 | admin | Inicio de sesión exitoso
2026-03-17 09:44:55 | admin | Registró nueva IP: 128735867491027
2026-03-17 09:45:08 | admin | Registró nueva IP: asf3r
2026-03-17 09:45:16 | admin | Registró nueva IP: 23r23
2026-03-17 09:45:25 | admin | Registró nueva IP: 4565432
2026-03-17 09:46:23 | admin | Inicio de sesión exitoso
2026-03-17 09:47:13 | admin | Inicio de sesión exitoso
2026-03-17 09:48:44 | admin | Inicio de sesión exitoso
2026-03-17 09:49:57 | admin | Inicio de sesión exitoso
2026-03-17 09:51:08 | admin | Inicio de sesión exitoso
2026-03-17 09:51:31 | admin | Inicio de sesión exitoso
2026-03-17 09:52:47 | admin | Inicio de sesión exitoso
2026-03-17 09:54:34 | admin | Inicio de sesión exitoso
2026-03-17 09:55:26 | admin | Registró nueva IP: 192.168.1.60
2026-03-17 09:59:39 | tecnico1 | Inicio de sesión exitoso
2026-03-18 19:52:00 | admin | Inicio de sesión exitoso
2026-03-18 20:29:20 | tecnico1 | Inicio de sesión exitoso
2026-03-22 21:59:27 | admin | Inicio de sesión exitoso
2026-03-22 22:01:25 | admin | Inicio de sesión exitoso
2026-03-22 22:10:49 | admin | Inicio de sesión exitoso
2026-03-22 22:12:12 | admin | Inicio de sesión exitoso
2026-03-22 22:17:36 | admin | Inicio de sesión exitoso
2026-03-22 22:21:07 | admin | Inicio de sesión exitoso
2026-03-22 22:25:09 | admin | Inicio de sesión exitoso
2026-03-22 22:29:08 | admin | Inicio de sesión exitoso
2026-03-23 13:43:37 | Nestor | Registró nueva IP: ljbhobh
2026-03-23 13:56:43 | admin | Registró nueva IP: oihuih
